[2022-01-26 13:51:14] local.ERROR: View [dossier_evaluation.create] not found. {"userId":2,"exception":"[object] (InvalidArgumentException(code: 0): View [dossier_evaluation.create] not found. at /opt/lampp/htdocs/peru-integrated-jan24/peru-integrated-jan24/vendor/laravel/framework/src/Illuminate/View/FileViewFinder.php:137)
[stacktrace]
#0 /opt/lampp/htdocs/peru-integrated-jan24/peru-integrated-jan24/vendor/laravel/framework/src/Illuminate/View/FileViewFinder.php(79): Illuminate\\View\\FileViewFinder->findInPaths()
#1 /opt/lampp/htdocs/peru-integrated-jan24/peru-integrated-jan24/vendor/laravel/framework/src/Illuminate/View/Factory.php(138): Illuminate\\View\\FileViewFinder->find()
#2 /opt/lampp/htdocs/peru-integrated-jan24/peru-integrated-jan24/vendor/laravel/framework/src/Illuminate/Foundation/helpers.php(919): Illuminate\\View\\Factory->make()
#3 /opt/lampp/htdocs/peru-integrated-jan24/peru-integrated-jan24/app/Http/Controllers/DossierEvaluationController.php(362): view()
#4 /opt/lampp/htdocs/peru-integrated-jan24/peru-integrated-jan24/vendor/laravel/framework/src/Illuminate/Routing/Controller.php(54): App\\Http\\Controllers\\DossierEvaluationController->edit()
#5 /opt/lampp/htdocs/peru-integrated-jan24/peru-integrated-jan24/vendor/laravel/framework/src/Illuminate/Routing/ControllerDispatcher.php(45): Illuminate\\Routing\\Controller->callAction()
#6 /opt/lampp/htdocs/peru-integrated-jan24/peru-integrated-jan24/vendor/laravel/framework/src/Illuminate/Routing/Route.php(254): Illuminate\\Routing\\ControllerDispatcher->dispatch()
#7 /opt/lampp/htdocs/peru-integrated-jan24/peru-integrated-jan24/vendor/laravel/framework/src/Illuminate/Routing/Route.php(197): Illuminate\\Routing\\Route->runController()
#8 /opt/lampp/htdocs/peru-integrated-jan24/peru-integrated-jan24/vendor/laravel/framework/src/Illuminate/Routing/Router.php(695): Illuminate\\Routing\\Route->run()
#9 /opt/lampp/htdocs/peru-integrated-jan24/peru-integrated-jan24/vendor/laravel/framework/src/Illuminate/Pipeline/Pipeline.php(128): Illuminate\\Routing\\Router->Illuminate\\Routing\\{closure}()
#10 /opt/lampp/htdocs/peru-integrated-jan24/peru-integrated-jan24/vendor/laravel/framework/src/Illuminate/Routing/Middleware/SubstituteBindings.php(50): Illuminate\\Pipeline\\Pipeline->Illuminate\\Pipeline\\{closure}()
#11 /opt/lampp/htdocs/peru-integrated-jan24/peru-integrated-jan24/vendor/laravel/framework/src/Illuminate/Pipeline/Pipeline.php(167): Illuminate\\Routing\\Middleware\\SubstituteBindings->handle()
#12 /opt/lampp/htdocs/peru-integrated-jan24/peru-integrated-jan24/vendor/laravel/framework/src/Illuminate/Auth/Middleware/Authenticate.php(44): Illuminate\\Pipeline\\Pipeline->Illuminate\\Pipeline\\{closure}()
#13 /opt/lampp/htdocs/peru-integrated-jan24/peru-integrated-jan24/vendor/laravel/framework/src/Illuminate/Pipeline/Pipeline.php(167): Illuminate\\Auth\\Middleware\\Authenticate->handle()
#14 /opt/lampp/htdocs/peru-integrated-jan24/peru-integrated-jan24/vendor/laravel/framework/src/Illuminate/Foundation/Http/Middleware/VerifyCsrfToken.php(78): Illuminate\\Pipeline\\Pipeline->Illuminate\\Pipeline\\{closure}()
#15 /opt/lampp/htdocs/peru-integrated-jan24/peru-integrated-jan24/vendor/laravel/framework/src/Illuminate/Pipeline/Pipeline.php(167): Illuminate\\Foundation\\Http\\Middleware\\VerifyCsrfToken->handle()
#16 /opt/lampp/htdocs/peru-integrated-jan24/peru-integrated-jan24/vendor/laravel/framework/src/Illuminate/View/Middleware/ShareErrorsFromSession.php(49): Illuminate\\Pipeline\\Pipeline->Illuminate\\Pipeline\\{closure}()
#17 /opt/lampp/htdocs/peru-integrated-jan24/peru-integrated-jan24/vendor/laravel/framework/src/Illuminate/Pipeline/Pipeline.php(167): Illuminate\\View\\Middleware\\ShareErrorsFromSession->handle()
#18 /opt/lampp/htdocs/peru-integrated-jan24/peru-integrated-jan24/vendor/laravel/framework/src/Illuminate/Session/Middleware/AuthenticateSession.php(58): Illuminate\\Pipeline\\Pipeline->Illuminate\\Pipeline\\{closure}()
#19 /opt/lampp/htdocs/peru-integrated-jan24/peru-integrated-jan24/vendor/laravel/framework/src/Illuminate/Pipeline/Pipeline.php(167): Illuminate\\Session\\Middleware\\AuthenticateSession->handle()
#20 /opt/lampp/htdocs/peru-integrated-jan24/peru-integrated-jan24/vendor/laravel/framework/src/Illuminate/Session/Middleware/StartSession.php(121): Illuminate\\Pipeline\\Pipeline->Illuminate\\Pipeline\\{closure}()
#21 /opt/lampp/htdocs/peru-integrated-jan24/peru-integrated-jan24/vendor/laravel/framework/src/Illuminate/Session/Middleware/StartSession.php(64): Illuminate\\Session\\Middleware\\StartSession->handleStatefulRequest()
#22 /opt/lampp/htdocs/peru-integrated-jan24/peru-integrated-jan24/vendor/laravel/framework/src/Illuminate/Pipeline/Pipeline.php(167): Illuminate\\Session\\Middleware\\StartSession->handle()
#23 /opt/lampp/htdocs/peru-integrated-jan24/peru-integrated-jan24/vendor/laravel/framework/src/Illuminate/Cookie/Middleware/AddQueuedCookiesToResponse.php(37): Illuminate\\Pipeline\\Pipeline->Illuminate\\Pipeline\\{closure}()
#24 /opt/lampp/htdocs/peru-integrated-jan24/peru-integrated-jan24/vendor/laravel/framework/src/Illuminate/Pipeline/Pipeline.php(167): Illuminate\\Cookie\\Middleware\\AddQueuedCookiesToResponse->handle()
#25 /opt/lampp/htdocs/peru-integrated-jan24/peru-integrated-jan24/vendor/laravel/framework/src/Illuminate/Cookie/Middleware/EncryptCookies.php(67): Illuminate\\Pipeline\\Pipeline->Illuminate\\Pipeline\\{closure}()
#26 /opt/lampp/htdocs/peru-integrated-jan24/peru-integrated-jan24/vendor/laravel/framework/src/Illuminate/Pipeline/Pipeline.php(167): Illuminate\\Cookie\\Middleware\\EncryptCookies->handle()
#27 /opt/lampp/htdocs/peru-integrated-jan24/peru-integrated-jan24/vendor/laravel/framework/src/Illuminate/Pipeline/Pipeline.php(103): Illuminate\\Pipeline\\Pipeline->Illuminate\\Pipeline\\{closure}()
#28 /opt/lampp/htdocs/peru-integrated-jan24/peru-integrated-jan24/vendor/laravel/framework/src/Illuminate/Routing/Router.php(697): Illuminate\\Pipeline\\Pipeline->then()
#29 /opt/lampp/htdocs/peru-integrated-jan24/peru-integrated-jan24/vendor/laravel/framework/src/Illuminate/Routing/Router.php(672): Illuminate\\Routing\\Router->runRouteWithinStack()
#30 /opt/lampp/htdocs/peru-integrated-jan24/peru-integrated-jan24/vendor/laravel/framework/src/Illuminate/Routing/Router.php(636): Illuminate\\Routing\\Router->runRoute()
#31 /opt/lampp/htdocs/peru-integrated-jan24/peru-integrated-jan24/vendor/laravel/framework/src/Illuminate/Routing/Router.php(625): Illuminate\\Routing\\Router->dispatchToRoute()
#32 /opt/lampp/htdocs/peru-integrated-jan24/peru-integrated-jan24/vendor/laravel/framework/src/Illuminate/Foundation/Http/Kernel.php(166): Illuminate\\Routing\\Router->dispatch()
#33 /opt/lampp/htdocs/peru-integrated-jan24/peru-integrated-jan24/vendor/laravel/framework/src/Illuminate/Pipeline/Pipeline.php(128): Illuminate\\Foundation\\Http\\Kernel->Illuminate\\Foundation\\Http\\{closure}()
#34 /opt/lampp/htdocs/peru-integrated-jan24/peru-integrated-jan24/vendor/livewire/livewire/src/DisableBrowserCache.php(19): Illuminate\\Pipeline\\Pipeline->Illuminate\\Pipeline\\{closure}()
#35 /opt/lampp/htdocs/peru-integrated-jan24/peru-integrated-jan24/vendor/laravel/framework/src/Illuminate/Pipeline/Pipeline.php(167): Livewire\\DisableBrowserCache->handle()
#36 /opt/lampp/htdocs/peru-integrated-jan24/peru-integrated-jan24/vendor/laravel/framework/src/Illuminate/Foundation/Http/Middleware/TransformsRequest.php(21): Illuminate\\Pipeline\\Pipeline->Illuminate\\Pipeline\\{closure}()
#37 /opt/lampp/htdocs/peru-integrated-jan24/peru-integrated-jan24/vendor/laravel/framework/src/Illuminate/Foundation/Http/Middleware/ConvertEmptyStringsToNull.php(31): Illuminate\\Foundation\\Http\\Middleware\\TransformsRequest->handle()
#38 /opt/lampp/htdocs/peru-integrated-jan24/peru-integrated-jan24/vendor/laravel/framework/src/Illuminate/Pipeline/Pipeline.php(167): Illuminate\\Foundation\\Http\\Middleware\\ConvertEmptyStringsToNull->handle()
#39 /opt/lampp/htdocs/peru-integrated-jan24/peru-integrated-jan24/vendor/laravel/framework/src/Illuminate/Foundation/Http/Middleware/TransformsRequest.php(21): Illuminate\\Pipeline\\Pipeline->Illuminate\\Pipeline\\{closure}()
#40 /opt/lampp/htdocs/peru-integrated-jan24/peru-integrated-jan24/vendor/laravel/framework/src/Illuminate/Foundation/Http/Middleware/TrimStrings.php(40): Illuminate\\Foundation\\Http\\Middleware\\TransformsRequest->handle()
#41 /opt/lampp/htdocs/peru-integrated-jan24/peru-integrated-jan24/vendor/laravel/framework/src/Illuminate/Pipeline/Pipeline.php(167): Illuminate\\Foundation\\Http\\Middleware\\TrimStrings->handle()
#42 /opt/lampp/htdocs/peru-integrated-jan24/peru-integrated-jan24/vendor/laravel/framework/src/Illuminate/Foundation/Http/Middleware/ValidatePostSize.php(27): Illuminate\\Pipeline\\Pipeline->Illuminate\\Pipeline\\{closure}()
#43 /opt/lampp/htdocs/peru-integrated-jan24/peru-integrated-jan24/vendor/laravel/framework/src/Illuminate/Pipeline/Pipeline.php(167): Illuminate\\Foundation\\Http\\Middleware\\ValidatePostSize->handle()
#44 /opt/lampp/htdocs/peru-integrated-jan24/peru-integrated-jan24/vendor/laravel/framework/src/Illuminate/Foundation/Http/Middleware/PreventRequestsDuringMaintenance.php(86): Illuminate\\Pipeline\\Pipeline->Illuminate\\Pipeline\\{closure}()
#45 /opt/lampp/htdocs/peru-integrated-jan24/peru-integrated-jan24/vendor/laravel/framework/src/Illuminate/Pipeline/Pipeline.php(167): Illuminate\\Foundation\\Http\\Middleware\\PreventRequestsDuringMaintenance->handle()
#46 /opt/lampp/htdocs/peru-integrated-jan24/peru-integrated-jan24/vendor/fruitcake/laravel-cors/src/HandleCors.php(38): Illuminate\\Pipeline\\Pipeline->Illuminate\\Pipeline\\{closure}()
#47 /opt/lampp/htdocs/peru-integrated-jan24/peru-integrated-jan24/vendor/laravel/framework/src/Illuminate/Pipeline/Pipeline.php(167): Fruitcake\\Cors\\HandleCors->handle()
#48 /opt/lampp/htdocs/peru-integrated-jan24/peru-integrated-jan24/vendor/fideloper/proxy/src/TrustProxies.php(57): Illuminate\\Pipeline\\Pipeline->Illuminate\\Pipeline\\{closure}()
#49 /opt/lampp/htdocs/peru-integrated-jan24/peru-integrated-jan24/vendor/laravel/framework/src/Illuminate/Pipeline/Pipeline.php(167): Fideloper\\Proxy\\TrustProxies->handle()
#50 /opt/lampp/htdocs/peru-integrated-jan24/peru-integrated-jan24/vendor/laravel/framework/src/Illuminate/Pipeline/Pipeline.php(103): Illuminate\\Pipeline\\Pipeline->Illuminate\\Pipeline\\{closure}()
#51 /opt/lampp/htdocs/peru-integrated-jan24/peru-integrated-jan24/vendor/laravel/framework/src/Illuminate/Foundation/Http/Kernel.php(141): Illuminate\\Pipeline\\Pipeline->then()
#52 /opt/lampp/htdocs/peru-integrated-jan24/peru-integrated-jan24/vendor/laravel/framework/src/Illuminate/Foundation/Http/Kernel.php(110): Illuminate\\Foundation\\Http\\Kernel->sendRequestThroughRouter()
#53 /opt/lampp/htdocs/peru-integrated-jan24/peru-integrated-jan24/public/index.php(52): Illuminate\\Foundation\\Http\\Kernel->handle()
#54 /opt/lampp/htdocs/peru-integrated-jan24/peru-integrated-jan24/server.php(21): require_once('/opt/lampp/htdo...')
#55 {main}
"} 
[2022-01-26 13:51:20] local.ERROR: View [dashboard] not found. {"userId":2,"exception":"[object] (InvalidArgumentException(code: 0): View [dashboard] not found. at /opt/lampp/htdocs/peru-integrated-jan24/peru-integrated-jan24/vendor/laravel/framework/src/Illuminate/View/FileViewFinder.php:137)
[stacktrace]
#0 /opt/lampp/htdocs/peru-integrated-jan24/peru-integrated-jan24/vendor/laravel/framework/src/Illuminate/View/FileViewFinder.php(79): Illuminate\\View\\FileViewFinder->findInPaths()
#1 /opt/lampp/htdocs/peru-integrated-jan24/peru-integrated-jan24/vendor/laravel/framework/src/Illuminate/View/Factory.php(138): Illuminate\\View\\FileViewFinder->find()
#2 /opt/lampp/htdocs/peru-integrated-jan24/peru-integrated-jan24/vendor/laravel/framework/src/Illuminate/Foundation/helpers.php(919): Illuminate\\View\\Factory->make()
#3 /opt/lampp/htdocs/peru-integrated-jan24/peru-integrated-jan24/routes/web.php(330): view()
#4 /opt/lampp/htdocs/peru-integrated-jan24/peru-integrated-jan24/vendor/laravel/framework/src/Illuminate/Routing/Route.php(230): Illuminate\\Routing\\RouteFileRegistrar->{closure}()
#5 /opt/lampp/htdocs/peru-integrated-jan24/peru-integrated-jan24/vendor/laravel/framework/src/Illuminate/Routing/Route.php(200): Illuminate\\Routing\\Route->runCallable()
#6 /opt/lampp/htdocs/peru-integrated-jan24/peru-integrated-jan24/vendor/laravel/framework/src/Illuminate/Routing/Router.php(695): Illuminate\\Routing\\Route->run()
#7 /opt/lampp/htdocs/peru-integrated-jan24/peru-integrated-jan24/vendor/laravel/framework/src/Illuminate/Pipeline/Pipeline.php(128): Illuminate\\Routing\\Router->Illuminate\\Routing\\{closure}()
#8 /opt/lampp/htdocs/peru-integrated-jan24/peru-integrated-jan24/vendor/laravel/framework/src/Illuminate/Routing/Middleware/SubstituteBindings.php(50): Illuminate\\Pipeline\\Pipeline->Illuminate\\Pipeline\\{closure}()
#9 /opt/lampp/htdocs/peru-integrated-jan24/peru-integrated-jan24/vendor/laravel/framework/src/Illuminate/Pipeline/Pipeline.php(167): Illuminate\\Routing\\Middleware\\SubstituteBindings->handle()
#10 /opt/lampp/htdocs/peru-integrated-jan24/peru-integrated-jan24/vendor/laravel/framework/src/Illuminate/Auth/Middleware/Authenticate.php(44): Illuminate\\Pipeline\\Pipeline->Illuminate\\Pipeline\\{closure}()
#11 /opt/lampp/htdocs/peru-integrated-jan24/peru-integrated-jan24/vendor/laravel/framework/src/Illuminate/Pipeline/Pipeline.php(167): Illuminate\\Auth\\Middleware\\Authenticate->handle()
#12 /opt/lampp/htdocs/peru-integrated-jan24/peru-integrated-jan24/vendor/laravel/framework/src/Illuminate/Foundation/Http/Middleware/VerifyCsrfToken.php(78): Illuminate\\Pipeline\\Pipeline->Illuminate\\Pipeline\\{closure}()
#13 /opt/lampp/htdocs/peru-integrated-jan24/peru-integrated-jan24/vendor/laravel/framework/src/Illuminate/Pipeline/Pipeline.php(167): Illuminate\\Foundation\\Http\\Middleware\\VerifyCsrfToken->handle()
#14 /opt/lampp/htdocs/peru-integrated-jan24/peru-integrated-jan24/vendor/laravel/framework/src/Illuminate/View/Middleware/ShareErrorsFromSession.php(49): Illuminate\\Pipeline\\Pipeline->Illuminate\\Pipeline\\{closure}()
#15 /opt/lampp/htdocs/peru-integrated-jan24/peru-integrated-jan24/vendor/laravel/framework/src/Illuminate/Pipeline/Pipeline.php(167): Illuminate\\View\\Middleware\\ShareErrorsFromSession->handle()
#16 /opt/lampp/htdocs/peru-integrated-jan24/peru-integrated-jan24/vendor/laravel/framework/src/Illuminate/Session/Middleware/AuthenticateSession.php(58): Illuminate\\Pipeline\\Pipeline->Illuminate\\Pipeline\\{closure}()
#17 /opt/lampp/htdocs/peru-integrated-jan24/peru-integrated-jan24/vendor/laravel/framework/src/Illuminate/Pipeline/Pipeline.php(167): Illuminate\\Session\\Middleware\\AuthenticateSession->handle()
#18 /opt/lampp/htdocs/peru-integrated-jan24/peru-integrated-jan24/vendor/laravel/framework/src/Illuminate/Session/Middleware/StartSession.php(121): Illuminate\\Pipeline\\Pipeline->Illuminate\\Pipeline\\{closure}()
#19 /opt/lampp/htdocs/peru-integrated-jan24/peru-integrated-jan24/vendor/laravel/framework/src/Illuminate/Session/Middleware/StartSession.php(64): Illuminate\\Session\\Middleware\\StartSession->handleStatefulRequest()
#20 /opt/lampp/htdocs/peru-integrated-jan24/peru-integrated-jan24/vendor/laravel/framework/src/Illuminate/Pipeline/Pipeline.php(167): Illuminate\\Session\\Middleware\\StartSession->handle()
#21 /opt/lampp/htdocs/peru-integrated-jan24/peru-integrated-jan24/vendor/laravel/framework/src/Illuminate/Cookie/Middleware/AddQueuedCookiesToResponse.php(37): Illuminate\\Pipeline\\Pipeline->Illuminate\\Pipeline\\{closure}()
#22 /opt/lampp/htdocs/peru-integrated-jan24/peru-integrated-jan24/vendor/laravel/framework/src/Illuminate/Pipeline/Pipeline.php(167): Illuminate\\Cookie\\Middleware\\AddQueuedCookiesToResponse->handle()
#23 /opt/lampp/htdocs/peru-integrated-jan24/peru-integrated-jan24/vendor/laravel/framework/src/Illuminate/Cookie/Middleware/EncryptCookies.php(67): Illuminate\\Pipeline\\Pipeline->Illuminate\\Pipeline\\{closure}()
#24 /opt/lampp/htdocs/peru-integrated-jan24/peru-integrated-jan24/vendor/laravel/framework/src/Illuminate/Pipeline/Pipeline.php(167): Illuminate\\Cookie\\Middleware\\EncryptCookies->handle()
#25 /opt/lampp/htdocs/peru-integrated-jan24/peru-integrated-jan24/vendor/laravel/framework/src/Illuminate/Pipeline/Pipeline.php(103): Illuminate\\Pipeline\\Pipeline->Illuminate\\Pipeline\\{closure}()
#26 /opt/lampp/htdocs/peru-integrated-jan24/peru-integrated-jan24/vendor/laravel/framework/src/Illuminate/Routing/Router.php(697): Illuminate\\Pipeline\\Pipeline->then()
#27 /opt/lampp/htdocs/peru-integrated-jan24/peru-integrated-jan24/vendor/laravel/framework/src/Illuminate/Routing/Router.php(672): Illuminate\\Routing\\Router->runRouteWithinStack()
#28 /opt/lampp/htdocs/peru-integrated-jan24/peru-integrated-jan24/vendor/laravel/framework/src/Illuminate/Routing/Router.php(636): Illuminate\\Routing\\Router->runRoute()
#29 /opt/lampp/htdocs/peru-integrated-jan24/peru-integrated-jan24/vendor/laravel/framework/src/Illuminate/Routing/Router.php(625): Illuminate\\Routing\\Router->dispatchToRoute()
#30 /opt/lampp/htdocs/peru-integrated-jan24/peru-integrated-jan24/vendor/laravel/framework/src/Illuminate/Foundation/Http/Kernel.php(166): Illuminate\\Routing\\Router->dispatch()
#31 /opt/lampp/htdocs/peru-integrated-jan24/peru-integrated-jan24/vendor/laravel/framework/src/Illuminate/Pipeline/Pipeline.php(128): Illuminate\\Foundation\\Http\\Kernel->Illuminate\\Foundation\\Http\\{closure}()
#32 /opt/lampp/htdocs/peru-integrated-jan24/peru-integrated-jan24/vendor/livewire/livewire/src/DisableBrowserCache.php(19): Illuminate\\Pipeline\\Pipeline->Illuminate\\Pipeline\\{closure}()
#33 /opt/lampp/htdocs/peru-integrated-jan24/peru-integrated-jan24/vendor/laravel/framework/src/Illuminate/Pipeline/Pipeline.php(167): Livewire\\DisableBrowserCache->handle()
#34 /opt/lampp/htdocs/peru-integrated-jan24/peru-integrated-jan24/vendor/laravel/framework/src/Illuminate/Foundation/Http/Middleware/TransformsRequest.php(21): Illuminate\\Pipeline\\Pipeline->Illuminate\\Pipeline\\{closure}()
#35 /opt/lampp/htdocs/peru-integrated-jan24/peru-integrated-jan24/vendor/laravel/framework/src/Illuminate/Foundation/Http/Middleware/ConvertEmptyStringsToNull.php(31): Illuminate\\Foundation\\Http\\Middleware\\TransformsRequest->handle()
#36 /opt/lampp/htdocs/peru-integrated-jan24/peru-integrated-jan24/vendor/laravel/framework/src/Illuminate/Pipeline/Pipeline.php(167): Illuminate\\Foundation\\Http\\Middleware\\ConvertEmptyStringsToNull->handle()
#37 /opt/lampp/htdocs/peru-integrated-jan24/peru-integrated-jan24/vendor/laravel/framework/src/Illuminate/Foundation/Http/Middleware/TransformsRequest.php(21): Illuminate\\Pipeline\\Pipeline->Illuminate\\Pipeline\\{closure}()
#38 /opt/lampp/htdocs/peru-integrated-jan24/peru-integrated-jan24/vendor/laravel/framework/src/Illuminate/Foundation/Http/Middleware/TrimStrings.php(40): Illuminate\\Foundation\\Http\\Middleware\\TransformsRequest->handle()
#39 /opt/lampp/htdocs/peru-integrated-jan24/peru-integrated-jan24/vendor/laravel/framework/src/Illuminate/Pipeline/Pipeline.php(167): Illuminate\\Foundation\\Http\\Middleware\\TrimStrings->handle()
#40 /opt/lampp/htdocs/peru-integrated-jan24/peru-integrated-jan24/vendor/laravel/framework/src/Illuminate/Foundation/Http/Middleware/ValidatePostSize.php(27): Illuminate\\Pipeline\\Pipeline->Illuminate\\Pipeline\\{closure}()
#41 /opt/lampp/htdocs/peru-integrated-jan24/peru-integrated-jan24/vendor/laravel/framework/src/Illuminate/Pipeline/Pipeline.php(167): Illuminate\\Foundation\\Http\\Middleware\\ValidatePostSize->handle()
#42 /opt/lampp/htdocs/peru-integrated-jan24/peru-integrated-jan24/vendor/laravel/framework/src/Illuminate/Foundation/Http/Middleware/PreventRequestsDuringMaintenance.php(86): Illuminate\\Pipeline\\Pipeline->Illuminate\\Pipeline\\{closure}()
#43 /opt/lampp/htdocs/peru-integrated-jan24/peru-integrated-jan24/vendor/laravel/framework/src/Illuminate/Pipeline/Pipeline.php(167): Illuminate\\Foundation\\Http\\Middleware\\PreventRequestsDuringMaintenance->handle()
#44 /opt/lampp/htdocs/peru-integrated-jan24/peru-integrated-jan24/vendor/fruitcake/laravel-cors/src/HandleCors.php(38): Illuminate\\Pipeline\\Pipeline->Illuminate\\Pipeline\\{closure}()
#45 /opt/lampp/htdocs/peru-integrated-jan24/peru-integrated-jan24/vendor/laravel/framework/src/Illuminate/Pipeline/Pipeline.php(167): Fruitcake\\Cors\\HandleCors->handle()
#46 /opt/lampp/htdocs/peru-integrated-jan24/peru-integrated-jan24/vendor/fideloper/proxy/src/TrustProxies.php(57): Illuminate\\Pipeline\\Pipeline->Illuminate\\Pipeline\\{closure}()
#47 /opt/lampp/htdocs/peru-integrated-jan24/peru-integrated-jan24/vendor/laravel/framework/src/Illuminate/Pipeline/Pipeline.php(167): Fideloper\\Proxy\\TrustProxies->handle()
#48 /opt/lampp/htdocs/peru-integrated-jan24/peru-integrated-jan24/vendor/laravel/framework/src/Illuminate/Pipeline/Pipeline.php(103): Illuminate\\Pipeline\\Pipeline->Illuminate\\Pipeline\\{closure}()
#49 /opt/lampp/htdocs/peru-integrated-jan24/peru-integrated-jan24/vendor/laravel/framework/src/Illuminate/Foundation/Http/Kernel.php(141): Illuminate\\Pipeline\\Pipeline->then()
#50 /opt/lampp/htdocs/peru-integrated-jan24/peru-integrated-jan24/vendor/laravel/framework/src/Illuminate/Foundation/Http/Kernel.php(110): Illuminate\\Foundation\\Http\\Kernel->sendRequestThroughRouter()
#51 /opt/lampp/htdocs/peru-integrated-jan24/peru-integrated-jan24/public/index.php(52): Illuminate\\Foundation\\Http\\Kernel->handle()
#52 /opt/lampp/htdocs/peru-integrated-jan24/peru-integrated-jan24/server.php(21): require_once('/opt/lampp/htdo...')
#53 {main}
"} 
